Using pre-set license
Built from '2022.3/staging' branch; Version is '2022.3.11f1 (d00248457e15) revision 13632072'; Using compiler version '192829333'; Build Type 'Release'
OS: 'Windows 10  (10.0.19045) 64bit Professional' Language: 'de' Physical Memory: 31677 MB
BatchMode: 1, IsHumanControllingUs: 0, StartBugReporterOnCrash: 0, Is64bit: 1, IsPro: 1

COMMAND LINE ARGUMENTS:
C:\Users\kroe\Documents\Unity Installs\2022.3.11f1\Editor\Unity.exe
-adb2
-batchMode
-noUpm
-name
AssetImportWorker0
-projectPath
C:/Users/kroe/Documents/Unity Projects/Unity-Project
-logFile
Logs/AssetImportWorker0.log
-srvPort
53316
Successfully changed project path to: C:/Users/kroe/Documents/Unity Projects/Unity-Project
C:/Users/kroe/Documents/Unity Projects/Unity-Project
[UnityMemory] Configuration Parameters - Can be set up in boot.config
    "memorysetup-bucket-allocator-granularity=16"
    "memorysetup-bucket-allocator-bucket-count=8"
    "memorysetup-bucket-allocator-block-size=33554432"
    "memorysetup-bucket-allocator-block-count=8"
    "memorysetup-main-allocator-block-size=16777216"
    "memorysetup-thread-allocator-block-size=16777216"
    "memorysetup-gfx-main-allocator-block-size=16777216"
    "memorysetup-gfx-thread-allocator-block-size=16777216"
    "memorysetup-cache-allocator-block-size=4194304"
    "memorysetup-typetree-allocator-block-size=2097152"
    "memorysetup-profiler-bucket-allocator-granularity=16"
    "memorysetup-profiler-bucket-allocator-bucket-count=8"
    "memorysetup-profiler-bucket-allocator-block-size=33554432"
    "memorysetup-profiler-bucket-allocator-block-count=8"
    "memorysetup-profiler-allocator-block-size=16777216"
    "memorysetup-profiler-editor-allocator-block-size=1048576"
    "memorysetup-temp-allocator-size-main=16777216"
    "memorysetup-job-temp-allocator-block-size=2097152"
    "memorysetup-job-temp-allocator-block-size-background=1048576"
    "memorysetup-job-temp-allocator-reduction-small-platforms=262144"
    "memorysetup-allocator-temp-initial-block-size-main=262144"
    "memorysetup-allocator-temp-initial-block-size-worker=262144"
    "memorysetup-temp-allocator-size-background-worker=32768"
    "memorysetup-temp-allocator-size-job-worker=262144"
    "memorysetup-temp-allocator-size-preload-manager=33554432"
    "memorysetup-temp-allocator-size-nav-mesh-worker=65536"
    "memorysetup-temp-allocator-size-audio-worker=65536"
    "memorysetup-temp-allocator-size-cloud-worker=32768"
    "memorysetup-temp-allocator-size-gi-baking-worker=262144"
    "memorysetup-temp-allocator-size-gfx=262144"
Player connection [11576] Host "[IP] 10.36.18.101 [Port] 0 [Flags] 2 [Guid] 653922168 [EditorId] 653922168 [Version] 1048832 [Id] WindowsEditor(7,d101pc00) [Debug] 1 [PackageName] WindowsEditor [ProjectName] Editor" joined multi-casting on [225.0.0.222:54997]...

Player connection [11576] Host "[IP] 10.36.18.101 [Port] 0 [Flags] 2 [Guid] 653922168 [EditorId] 653922168 [Version] 1048832 [Id] WindowsEditor(7,d101pc00) [Debug] 1 [PackageName] WindowsEditor [ProjectName] Editor" joined alternative multi-casting on [225.0.0.222:34997]...

[Physics::Module] Initialized MultithreadedJobDispatcher with 7 workers.
Refreshing native plugins compatible for Editor in 32.41 ms, found 4 plugins.
Preloading 0 native plugins for Editor in 0.00 ms.
Initialize engine version: 2022.3.11f1 (d00248457e15)
[Subsystems] Discovering subsystems at path C:/Users/kroe/Documents/Unity Installs/2022.3.11f1/Editor/Data/Resources/UnitySubsystems
[Subsystems] Discovering subsystems at path C:/Users/kroe/Documents/Unity Projects/Unity-Project/Assets
GfxDevice: creating device client; threaded=0; jobified=0
Direct3D:
    Version:  Direct3D 11.0 [level 11.1]
    Renderer: AMD Radeon(TM) RX Vega 11 Processor Graphics (ID=0x15dd)
    Vendor:   ATI
    VRAM:     15838 MB
    Driver:   31.0.12042.9001
Initialize mono
Mono path[0] = 'C:/Users/kroe/Documents/Unity Installs/2022.3.11f1/Editor/Data/Managed'
Mono path[1] = 'C:/Users/kroe/Documents/Unity Installs/2022.3.11f1/Editor/Data/MonoBleedingEdge/lib/mono/unityjit-win32'
Mono config path = 'C:/Users/kroe/Documents/Unity Installs/2022.3.11f1/Editor/Data/MonoBleedingEdge/etc'
Using monoOptions --debugger-agent=transport=dt_socket,embedding=1,server=y,suspend=n,address=127.0.0.1:56884
Begin MonoManager ReloadAssembly
Registering precompiled unity dll's ...
Register platform support module: C:/Users/kroe/Documents/Unity Installs/2022.3.11f1/Editor/Data/PlaybackEngines/WindowsStandaloneSupport/UnityEditor.WindowsStandalone.Extensions.dll
Registered in 0.018459 seconds.
- Loaded All Assemblies, in  1.054 seconds
Native extension for WindowsStandalone target not found
Mono: successfully reloaded assembly
- Finished resetting the current domain, in  0.667 seconds
Domain Reload Profiling: 1717ms
	BeginReloadAssembly (335ms)
		ExecutionOrderSort (0ms)
		DisableScriptedObjects (0ms)
		BackupInstance (0ms)
		ReleaseScriptingObjects (0ms)
		CreateAndSetChildDomain (2ms)
	RebuildCommonClasses (104ms)
	RebuildNativeTypeToScriptingClass (32ms)
	initialDomainReloadingComplete (149ms)
	LoadAllAssembliesAndSetupDomain (431ms)
		LoadAssemblies (330ms)
		RebuildTransferFunctionScriptingTraits (0ms)
		AnalyzeDomain (427ms)
			TypeCache.Refresh (424ms)
				TypeCache.ScanAssembly (376ms)
			ScanForSourceGeneratedMonoScriptInfo (1ms)
			ResolveRequiredComponents (1ms)
	FinalizeReload (668ms)
		ReleaseScriptCaches (0ms)
		RebuildScriptCaches (0ms)
		SetupLoadedEditorAssemblies (521ms)
			LogAssemblyErrors (0ms)
			InitializePlatformSupportModulesInManaged (23ms)
			SetLoadedEditorAssemblies (19ms)
			RefreshPlugins (0ms)
			BeforeProcessingInitializeOnLoad (6ms)
			ProcessInitializeOnLoadAttributes (355ms)
			ProcessInitializeOnLoadMethodAttributes (118ms)
			AfterProcessingInitializeOnLoad (0ms)
			EditorAssembliesLoaded (0ms)
		ExecutionOrderSort2 (0ms)
		AwakeInstancesAfterBackupRestoration (0ms)
========================================================================
Worker process is ready to serve import requests
Begin MonoManager ReloadAssembly
- Loaded All Assemblies, in  1.727 seconds
Refreshing native plugins compatible for Editor in 14.69 ms, found 4 plugins.
Native extension for WindowsStandalone target not found
Package Manager log level set to [2]
[Package Manager] Server::EnsureServerProcessIsRunning -- launch failed, reason: Unity was launched with the -noUpm command-line argument
[Package Manager] UpmClient::Send -- Unable to send message (not connected to UPM process).
[Package Manager] Cannot connect to Unity Package Manager local server
Mono: successfully reloaded assembly
- Finished resetting the current domain, in  1.704 seconds
Domain Reload Profiling: 3423ms
	BeginReloadAssembly (363ms)
		ExecutionOrderSort (0ms)
		DisableScriptedObjects (13ms)
		BackupInstance (0ms)
		ReleaseScriptingObjects (0ms)
		CreateAndSetChildDomain (47ms)
	RebuildCommonClasses (97ms)
	RebuildNativeTypeToScriptingClass (28ms)
	initialDomainReloadingComplete (101ms)
	LoadAllAssembliesAndSetupDomain (1128ms)
		LoadAssemblies (803ms)
		RebuildTransferFunctionScriptingTraits (0ms)
		AnalyzeDomain (538ms)
			TypeCache.Refresh (441ms)
				TypeCache.ScanAssembly (408ms)
			ScanForSourceGeneratedMonoScriptInfo (69ms)
			ResolveRequiredComponents (26ms)
	FinalizeReload (1705ms)
		ReleaseScriptCaches (0ms)
		RebuildScriptCaches (0ms)
		SetupLoadedEditorAssemblies (1347ms)
			LogAssemblyErrors (0ms)
			InitializePlatformSupportModulesInManaged (20ms)
			SetLoadedEditorAssemblies (10ms)
			RefreshPlugins (0ms)
			BeforeProcessingInitializeOnLoad (210ms)
			ProcessInitializeOnLoadAttributes (874ms)
			ProcessInitializeOnLoadMethodAttributes (213ms)
			AfterProcessingInitializeOnLoad (19ms)
			EditorAssembliesLoaded (1ms)
		ExecutionOrderSort2 (0ms)
		AwakeInstancesAfterBackupRestoration (13ms)
Shader 'Universal Render Pipeline/Particles/Simple Lit': fallback shader 'Universal Render Pipeline/Particles/Unlit' not found
Failed to load shader (instanceID 526, GUID c8b6a681c7b4e2e4785ffab093907f9e)
Failed to load shader (instanceID 486, GUID 0f4122b9a743b744abe2fb6a0a88868b)
Shader 'Hidden/Universal Render Pipeline/Terrain/Lit (Add Pass)': fallback shader 'Hidden/Universal Render Pipeline/FallbackError' not found
Failed to load shader (instanceID 556, GUID 21322c8b137c66e49b86085d3c8161f6)
Failed to load shader (instanceID 512, GUID 8fbe92a9edfe6074e841d6dd1509bc59)
Failed to load shader (instanceID 410, GUID d6dae50ee9e1bfa4db75f19f99355220)
Failed to load shader (instanceID 572, GUID 573620ae32aec764abd4d728906d2587)
Failed to load shader (instanceID 414, GUID 65df88701913c224d95fc554db28381a)
Failed to load shader (instanceID 568, GUID 650dd9526735d5b46b79224bc6e94025)
Failed to load shader (instanceID 450, GUID 2aed67ad60045d54ba3a00c91e2d2631)
Failed to load shader (instanceID 532, GUID 74b1585886a85614aa34e2c8e303c77a)
Failed to load shader (instanceID 462, GUID e8ee25143a34b8c4388709ea947055d1)
Failed to load shader (instanceID 444, GUID 1121bb4e615ca3c48b214e79e841e823)
Failed to load shader (instanceID 576, GUID a16365e8c873daa4c94919438490b905)
Failed to load shader (instanceID 566, GUID 4431b1f1f743fbf4eb310a967890cbea)
Shader 'Hidden/Universal Render Pipeline/StencilDeferred': fallback shader 'Hidden/Universal Render Pipeline/FallbackError' not found
Failed to load shader (instanceID 500, GUID 5caf62d8bd7c44596ace77ef9eb8ea31)
Failed to load shader (instanceID 480, GUID f6783ab646d374f94b199774402a5144)
Failed to load shader (instanceID 578, GUID 9c442dc870b456e48b615cd8add0e9ef)
Failed to load shader (instanceID 580, GUID 77cfa04f893eb8745b6a454a3d51b43c)
Failed to load shader (instanceID 570, GUID 19dfbb09098c9584a83c956fbd6c5d79)
Failed to load shader (instanceID 558, GUID 8d2bb70cbf9db8d4da26e15b26e74248)
Failed to load shader (instanceID 582, GUID 0d0f817524897904ba47a6a1d55e7668)
Failed to load shader (instanceID 442, GUID e6e9a19c3678ded42a3bc431ebef7dbd)
Failed to load shader (instanceID 508, GUID d104b2fc1ca6445babb8e90b0758136b)
Failed to load shader (instanceID 420, GUID e7857e9d0c934dc4f83f270f8447b006)
Failed to load shader (instanceID 584, GUID 603d454d711fe784cba9ce08dd22b881)
Failed to load shader (instanceID 562, GUID ee7e4c9a5f6364b688a332c67fc32cca)
Failed to load shader (instanceID 438, GUID de02b375720b5c445afe83cd483bedf3)
Failed to load shader (instanceID 432, GUID 93446b5c5339d4f00b85c159e1159b7c)
Failed to load shader (instanceID 542, GUID 5fd9a8feb75a4b5894c241777f519d4e)
Failed to load shader (instanceID 554, GUID e8b802ac01d87144b91f12f40c1f2659)
Failed to load shader (instanceID 586, GUID 0a8f4dcd626bcd14bbbfa5a5e116b16e)
Failed to load shader (instanceID 588, GUID 2df96b66b5510f94b98df2ac6f926ef4)
Failed to load shader (instanceID 494, GUID 69c1f799e772cb6438f56c23efccb782)
Failed to load shader (instanceID 590, GUID 7cbb3655339ec401ca75ba5fe26884f4)
Failed to load shader (instanceID 428, GUID e35a31e1679aeff489e202f5cc4853d5)
Failed to load shader (instanceID 594, GUID 36e335017ad71d54fbb10842863188ae)
Failed to load shader (instanceID 484, GUID 29868e73b638e48ca99a19ea58c48d90)
Failed to load shader (instanceID 498, GUID 50b406436c6214c49aaaa6011b71dde8)
Failed to load shader (instanceID 434, GUID ce09d4a80b88c5a4eb9768fab4f1ee00)
Failed to load shader (instanceID 596, GUID bedd19944f451ba4d83e7ed69be98d5c)
Failed to load shader (instanceID 470, GUID 13c02b14c4d048fa9653293d54f6e0e1)
Failed to load shader (instanceID 598, GUID 4386e57b23a56004c93e1d57d2bbcb4f)
Failed to load shader (instanceID 536, GUID 0ca6dca7396eb48e5849247ffd444914)
Failed to load shader (instanceID 514, GUID b7839dad95683814aa64166edc107ae2)
Failed to load shader (instanceID 424, GUID d79e1c784eaf80c4585c0be7391f757a)
Failed to load shader (instanceID 422, GUID cf852408f2e174538bcd9b7fda1c5ae7)
Failed to load shader (instanceID 464, GUID 562b7ae4f629f144aa97780546fce7c6)
Failed to load shader (instanceID 504, GUID f056d8bd2a1c7e44e9729144b4c70395)
Failed to load shader (instanceID 468, GUID e260cfa7296ee7642b167f1eb5be5023)
Failed to load shader (instanceID 492, GUID 0406db5a14f94604a8c57ccfbc9f3b46)
Failed to load shader (instanceID 600, GUID 95e15a77195eb574ab82aaac18b1c796)
Failed to load shader (instanceID 520, GUID 0849e84e3d62649e8882e9d6f056a017)
Failed to load shader (instanceID 440, GUID 77774d9009bb81447b048c907d4c6273)
Failed to load shader (instanceID 522, GUID 99134b1f0c27d54469a840832a28fadf)
Shader 'Universal Render Pipeline/Nature/SpeedTree7 Billboard': fallback shader 'Hidden/Universal Render Pipeline/FallbackError' not found
Failed to load shader (instanceID 452, GUID 1edcd131364091c46a17cbff0b1de97a)
Failed to load shader (instanceID 446, GUID 63eaba0ebfb82cc43bde059b4a8c65f6)
Failed to load shader (instanceID 546, GUID 60e10855641b4d84da68ec72e6f6eeb8)
Failed to load shader (instanceID 408, GUID c17132b1f77d20942aa75f8429c0f8bc)
Failed to load shader (instanceID 466, GUID c49e63ed1bbcb334780a3bd19dfed403)
Failed to load shader (instanceID 524, GUID a89bee29cffa951418fc1e2da94d1959)
Failed to load shader (instanceID 518, GUID c56b7e0d4c7cb484e959caeeedae9bbf)
Failed to load shader (instanceID 454, GUID a15b78cf8ca26ca4fb2090293153c62c)
Failed to load shader (instanceID 490, GUID 933532a4fcc9baf4fa0491de14d08ed7)
Failed to load shader (instanceID 482, GUID e507fdfead5ca47e8b9a768b51c291a1)
Failed to load shader (instanceID 426, GUID 7e60080c8cd24a2468cb08b4bfee5606)
Failed to load shader (instanceID 418, GUID 0f854b35a0cf61a429bd5dcfea30eddd)
Shader 'Universal Render Pipeline/Nature/SpeedTree7 Billboard': fallback shader 'Hidden/Universal Render Pipeline/FallbackError' not found
Shader 'Universal Render Pipeline/Particles/Simple Lit': fallback shader 'Universal Render Pipeline/Particles/Unlit' not found
Shader 'Hidden/Universal Render Pipeline/Terrain/Lit (Add Pass)': fallback shader 'Hidden/Universal Render Pipeline/FallbackError' not found
Shader 'Hidden/Universal Render Pipeline/StencilDeferred': fallback shader 'Hidden/Universal Render Pipeline/FallbackError' not found
Launched and connected shader compiler UnityShaderCompiler.exe after 0.09 seconds
Refreshing native plugins compatible for Editor in 9.64 ms, found 4 plugins.
Preloading 0 native plugins for Editor in 0.00 ms.
Unloading 1699 Unused Serialized files (Serialized files now loaded: 0)
Unloading 47 unused Assets / (1.7 MB). Loaded Objects now: 2154.
Memory consumption went from 111.0 MB to 109.2 MB.
Total: 6.573500 ms (FindLiveObjects: 0.244100 ms CreateObjectMapping: 0.103400 ms MarkObjects: 4.746700 ms  DeleteObjects: 1.477200 ms)

AssetImportParameters requested are different than current active one (requested -> active):
  custom:container-demuxer-ogg: 62fdf1f143b41e24485cea50d1cbac27 -> 
  custom:video-decoder-ogg-theora: a1e56fd34408186e4bbccfd4996cb3dc -> 
  custom:framework-win-MediaFoundation: 216162199b28c13a410421893ffa2e32 -> 
  custom:container-demuxer-webm: 4f35f7cbe854078d1ac9338744f61a02 -> 
  custom:container-muxer-webm: aa71ff27fc2769a1b78a27578f13a17b -> 
  custom:video-decoder-webm-vp8: 9c59270c3fd7afecdb556c50c9e8de78 -> 
  custom:AudioImporter_EditorPlatform: d09bf68614088b80899f8185d706f6e7 -> 
  custom:video-encoder-webm-vp8: eb34c28f22e8b96e1ab97ce403110664 -> 
  custom:audio-decoder-ogg-vorbis: bf7c407c2cedff20999df2af8eb42d56 -> 
  custom:audio-encoder-webm-vorbis: bf7c407c2cedff20999df2af8eb42d56 -> 
========================================================================
Received Prepare
Shader 'Universal Render Pipeline/Particles/Simple Lit': fallback shader 'Universal Render Pipeline/Particles/Unlit' not found
Failed to load shader (instanceID 526, GUID c8b6a681c7b4e2e4785ffab093907f9e)
Failed to load shader (instanceID 486, GUID 0f4122b9a743b744abe2fb6a0a88868b)
Shader 'Hidden/Universal Render Pipeline/Terrain/Lit (Add Pass)': fallback shader 'Hidden/Universal Render Pipeline/FallbackError' not found
Failed to load shader (instanceID 556, GUID 21322c8b137c66e49b86085d3c8161f6)
Failed to load shader (instanceID 512, GUID 8fbe92a9edfe6074e841d6dd1509bc59)
Failed to load shader (instanceID 410, GUID d6dae50ee9e1bfa4db75f19f99355220)
Failed to load shader (instanceID 572, GUID 573620ae32aec764abd4d728906d2587)
Failed to load shader (instanceID 414, GUID 65df88701913c224d95fc554db28381a)
Failed to load shader (instanceID 568, GUID 650dd9526735d5b46b79224bc6e94025)
Failed to load shader (instanceID 450, GUID 2aed67ad60045d54ba3a00c91e2d2631)
Failed to load shader (instanceID 532, GUID 74b1585886a85614aa34e2c8e303c77a)
Failed to load shader (instanceID 462, GUID e8ee25143a34b8c4388709ea947055d1)
Failed to load shader (instanceID 444, GUID 1121bb4e615ca3c48b214e79e841e823)
Failed to load shader (instanceID 576, GUID a16365e8c873daa4c94919438490b905)
Failed to load shader (instanceID 566, GUID 4431b1f1f743fbf4eb310a967890cbea)
Shader 'Hidden/Universal Render Pipeline/StencilDeferred': fallback shader 'Hidden/Universal Render Pipeline/FallbackError' not found
Failed to load shader (instanceID 500, GUID 5caf62d8bd7c44596ace77ef9eb8ea31)
Failed to load shader (instanceID 480, GUID f6783ab646d374f94b199774402a5144)
Failed to load shader (instanceID 578, GUID 9c442dc870b456e48b615cd8add0e9ef)
Failed to load shader (instanceID 580, GUID 77cfa04f893eb8745b6a454a3d51b43c)
Failed to load shader (instanceID 570, GUID 19dfbb09098c9584a83c956fbd6c5d79)
Failed to load shader (instanceID 558, GUID 8d2bb70cbf9db8d4da26e15b26e74248)
Failed to load shader (instanceID 582, GUID 0d0f817524897904ba47a6a1d55e7668)
Failed to load shader (instanceID 442, GUID e6e9a19c3678ded42a3bc431ebef7dbd)
Failed to load shader (instanceID 508, GUID d104b2fc1ca6445babb8e90b0758136b)
Failed to load shader (instanceID 420, GUID e7857e9d0c934dc4f83f270f8447b006)
Failed to load shader (instanceID 584, GUID 603d454d711fe784cba9ce08dd22b881)
Failed to load shader (instanceID 562, GUID ee7e4c9a5f6364b688a332c67fc32cca)
Failed to load shader (instanceID 438, GUID de02b375720b5c445afe83cd483bedf3)
Failed to load shader (instanceID 432, GUID 93446b5c5339d4f00b85c159e1159b7c)
Failed to load shader (instanceID 542, GUID 5fd9a8feb75a4b5894c241777f519d4e)
Failed to load shader (instanceID 554, GUID e8b802ac01d87144b91f12f40c1f2659)
Failed to load shader (instanceID 586, GUID 0a8f4dcd626bcd14bbbfa5a5e116b16e)
Failed to load shader (instanceID 588, GUID 2df96b66b5510f94b98df2ac6f926ef4)
Failed to load shader (instanceID 494, GUID 69c1f799e772cb6438f56c23efccb782)
Failed to load shader (instanceID 590, GUID 7cbb3655339ec401ca75ba5fe26884f4)
Failed to load shader (instanceID 428, GUID e35a31e1679aeff489e202f5cc4853d5)
Failed to load shader (instanceID 594, GUID 36e335017ad71d54fbb10842863188ae)
Failed to load shader (instanceID 484, GUID 29868e73b638e48ca99a19ea58c48d90)
Failed to load shader (instanceID 498, GUID 50b406436c6214c49aaaa6011b71dde8)
Failed to load shader (instanceID 434, GUID ce09d4a80b88c5a4eb9768fab4f1ee00)
Failed to load shader (instanceID 596, GUID bedd19944f451ba4d83e7ed69be98d5c)
Failed to load shader (instanceID 470, GUID 13c02b14c4d048fa9653293d54f6e0e1)
Failed to load shader (instanceID 598, GUID 4386e57b23a56004c93e1d57d2bbcb4f)
Failed to load shader (instanceID 536, GUID 0ca6dca7396eb48e5849247ffd444914)
Failed to load shader (instanceID 514, GUID b7839dad95683814aa64166edc107ae2)
Failed to load shader (instanceID 424, GUID d79e1c784eaf80c4585c0be7391f757a)
Failed to load shader (instanceID 422, GUID cf852408f2e174538bcd9b7fda1c5ae7)
Failed to load shader (instanceID 464, GUID 562b7ae4f629f144aa97780546fce7c6)
Failed to load shader (instanceID 504, GUID f056d8bd2a1c7e44e9729144b4c70395)
Failed to load shader (instanceID 468, GUID e260cfa7296ee7642b167f1eb5be5023)
Failed to load shader (instanceID 492, GUID 0406db5a14f94604a8c57ccfbc9f3b46)
Failed to load shader (instanceID 600, GUID 95e15a77195eb574ab82aaac18b1c796)
Failed to load shader (instanceID 520, GUID 0849e84e3d62649e8882e9d6f056a017)
Failed to load shader (instanceID 440, GUID 77774d9009bb81447b048c907d4c6273)
Failed to load shader (instanceID 522, GUID 99134b1f0c27d54469a840832a28fadf)
Shader 'Universal Render Pipeline/Nature/SpeedTree7 Billboard': fallback shader 'Hidden/Universal Render Pipeline/FallbackError' not found
Failed to load shader (instanceID 452, GUID 1edcd131364091c46a17cbff0b1de97a)
Failed to load shader (instanceID 446, GUID 63eaba0ebfb82cc43bde059b4a8c65f6)
Failed to load shader (instanceID 546, GUID 60e10855641b4d84da68ec72e6f6eeb8)
Failed to load shader (instanceID 408, GUID c17132b1f77d20942aa75f8429c0f8bc)
Failed to load shader (instanceID 466, GUID c49e63ed1bbcb334780a3bd19dfed403)
Failed to load shader (instanceID 524, GUID a89bee29cffa951418fc1e2da94d1959)
Failed to load shader (instanceID 518, GUID c56b7e0d4c7cb484e959caeeedae9bbf)
Failed to load shader (instanceID 454, GUID a15b78cf8ca26ca4fb2090293153c62c)
Failed to load shader (instanceID 490, GUID 933532a4fcc9baf4fa0491de14d08ed7)
Failed to load shader (instanceID 482, GUID e507fdfead5ca47e8b9a768b51c291a1)
Failed to load shader (instanceID 426, GUID 7e60080c8cd24a2468cb08b4bfee5606)
Failed to load shader (instanceID 418, GUID 0f854b35a0cf61a429bd5dcfea30eddd)
Shader 'Universal Render Pipeline/Particles/Simple Lit': fallback shader 'Universal Render Pipeline/Particles/Unlit' not found
Shader 'Hidden/Universal Render Pipeline/StencilDeferred': fallback shader 'Hidden/Universal Render Pipeline/FallbackError' not found
Shader 'Hidden/Universal Render Pipeline/Terrain/Lit (Add Pass)': fallback shader 'Hidden/Universal Render Pipeline/FallbackError' not found
Shader 'Universal Render Pipeline/Nature/SpeedTree7 Billboard': fallback shader 'Hidden/Universal Render Pipeline/FallbackError' not found
Refreshing native plugins compatible for Editor in 5.89 ms, found 4 plugins.
Preloading 0 native plugins for Editor in 0.00 ms.
Unloading 22 Unused Serialized files (Serialized files now loaded: 0)
Unloading 22 unused Assets / (1.7 MB). Loaded Objects now: 2154.
Memory consumption went from 84.7 MB to 83.0 MB.
Total: 6.336400 ms (FindLiveObjects: 0.218000 ms CreateObjectMapping: 0.064500 ms MarkObjects: 4.841600 ms  DeleteObjects: 1.210400 ms)

Prepare: number of updated asset objects reloaded= 0
AssetImportParameters requested are different than current active one (requested -> active):
  custom:container-demuxer-ogg: 62fdf1f143b41e24485cea50d1cbac27 -> 
  custom:video-decoder-ogg-theora: a1e56fd34408186e4bbccfd4996cb3dc -> 
  custom:framework-win-MediaFoundation: 216162199b28c13a410421893ffa2e32 -> 
  custom:CustomObjectIndexerAttribute: a3ef5dd2817f97addfee359851a9dba5 -> 
  custom:container-demuxer-webm: 4f35f7cbe854078d1ac9338744f61a02 -> 
  custom:container-muxer-webm: aa71ff27fc2769a1b78a27578f13a17b -> 
  custom:video-decoder-webm-vp8: 9c59270c3fd7afecdb556c50c9e8de78 -> 
  custom:SearchIndexIgnoredProperties: e643bd26f0fe6173181afceb89e7c659 -> 
  custom:AudioImporter_EditorPlatform: d09bf68614088b80899f8185d706f6e7 -> 
  custom:video-encoder-webm-vp8: eb34c28f22e8b96e1ab97ce403110664 -> 
  custom:audio-decoder-ogg-vorbis: bf7c407c2cedff20999df2af8eb42d56 -> 
  custom:audio-encoder-webm-vorbis: bf7c407c2cedff20999df2af8eb42d56 -> 
